Using pre-set license

 COMMAND LINE ARGUMENTS:
/Users/rahulbansal/Desktop/Unity/2020.3.5f1/Unity.app/Contents/MacOS/Unity
-adb2
-batchMode
-noUpm
-name
AssetImportWorker0
-projectPath
/Users/rahulbansal/Desktop/3ddungeongame
-logFile
Logs/AssetImportWorker0.log
-srvPort
51624
Successfully changed project path to: /Users/rahulbansal/Desktop/3ddungeongame
/Users/rahulbansal/Desktop/3ddungeongame
Using Asset Import Pipeline V2.
Refreshing native plugins compatible for Editor in 110.22 ms, found 1 plugins.
Preloading 0 native plugins for Editor in 0.00 ms.
Initialize engine version: 2020.3.5f1 (8095aa901b9b)
[Subsystems] Discovering subsystems at path /Users/rahulbansal/Desktop/Unity/2020.3.5f1/Unity.app/Contents/Resources/UnitySubsystems
[Subsystems] Discovering subsystems at path /Users/rahulbansal/Desktop/3ddungeongame/Assets
GfxDevice: creating device client; threaded=0
2021-07-26 18:59:42.921 Unity[1639:63292] Color LCD preferred device: Intel(R) Iris(TM) Graphics 6000 (low power)
2021-07-26 18:59:42.922 Unity[1639:63292] Metal devices available: 1
2021-07-26 18:59:42.922 Unity[1639:63292] 0: Intel(R) Iris(TM) Graphics 6000 (low power)
2021-07-26 18:59:42.924 Unity[1639:63292] Using device Intel(R) Iris(TM) Graphics 6000 (low power)
Initializing Metal device caps: Intel(R) Iris(TM) Graphics 6000
Initialize mono
Mono path[0] = '/Users/rahulbansal/Desktop/Unity/2020.3.5f1/Unity.app/Contents/Managed'
Mono path[1] = '/Users/rahulbansal/Desktop/Unity/2020.3.5f1/Unity.app/Contents/MonoBleedingEdge/lib/mono/unityjit'
Mono config path = '/Users/rahulbansal/Desktop/Unity/2020.3.5f1/Unity.app/Contents/MonoBleedingEdge/etc'
Using monoOptions --debugger-agent=transport=dt_socket,embedding=1,server=y,suspend=n,address=127.0.0.1:56639
Begin MonoManager ReloadAssembly
Registering precompiled unity dll's ...
Register platform support module: /Users/rahulbansal/Desktop/Unity/2020.3.5f1/Unity.app/Contents/PlaybackEngines/MacStandaloneSupport/UnityEditor.OSXStandalone.Extensions.dll
Register platform support module: /Users/rahulbansal/Desktop/Unity/2020.3.5f1/PlaybackEngines/WindowsStandaloneSupport/UnityEditor.WindowsStandalone.Extensions.dll
Registered in 0.001002 seconds.
Native extension for WindowsStandalone target not found
Native extension for OSXStandalone target not found
Refreshing native plugins compatible for Editor in 90.11 ms, found 1 plugins.
Preloading 0 native plugins for Editor in 0.00 ms.
Mono: successfully reloaded assembly
- Completed reload, in  3.924 seconds
Platform modules already initialized, skipping
Registering precompiled user dll's ...
Registered in 0.000947 seconds.
Begin MonoManager ReloadAssembly
Native extension for WindowsStandalone target not found
Native extension for OSXStandalone target not found
Refreshing native plugins compatible for Editor in 0.28 ms, found 1 plugins.
Preloading 0 native plugins for Editor in 0.00 ms.
Mono: successfully reloaded assembly
- Completed reload, in  2.158 seconds
Platform modules already initialized, skipping
========================================================================
Worker process is ready to serve import requests
Launching external process: /Users/rahulbansal/Desktop/Unity/2020.3.5f1/Unity.app/Contents/Tools/UnityShaderCompiler
Launched and connected shader compiler UnityShaderCompiler after 0.03 seconds
Refreshing native plugins compatible for Editor in 0.31 ms, found 1 plugins.
Preloading 0 native plugins for Editor in 0.00 ms.
Unloading 1158 Unused Serialized files (Serialized files now loaded: 0)
System memory in use before: 186.3 MB.
System memory in use after: 186.3 MB.

Unloading 10 unused Assets to reduce memory usage. Loaded Objects now: 1606.
Total: 4.376550 ms (FindLiveObjects: 0.521512 ms CreateObjectMapping: 0.207079 ms MarkObjects: 3.514924 ms  DeleteObjects: 0.130810 ms)

========================================================================
Received Import Request.
  path: Assets/Scenes/SampleScene.unity
  artifactKey: Guid(9fc0d4010bbf28b4594072e72b8655ab) Importer(815301076,1909f56bfc062723c751e8b465ee728b)
Start importing Assets/Scenes/SampleScene.unity using Guid(9fc0d4010bbf28b4594072e72b8655ab) Importer(815301076,1909f56bfc062723c751e8b465ee728b)  -> (artifact id: '48fb4c7dd9d0f08a6ba20cba80107980') in 0.023139 seconds
  Import took 0.028372 seconds .

========================================================================
Received Prepare
Registering precompiled user dll's ...
Registered in 0.001006 seconds.
Begin MonoManager ReloadAssembly
Native extension for WindowsStandalone target not found
Native extension for OSXStandalone target not found
Refreshing native plugins compatible for Editor in 0.36 ms, found 1 plugins.
Preloading 0 native plugins for Editor in 0.00 ms.
Mono: successfully reloaded assembly
- Completed reload, in  2.356 seconds
Platform modules already initialized, skipping
Refreshing native plugins compatible for Editor in 0.26 ms, found 1 plugins.
Preloading 0 native plugins for Editor in 0.00 ms.
Unloading 1140 Unused Serialized files (Serialized files now loaded: 0)
System memory in use before: 185.0 MB.
System memory in use after: 185.0 MB.

Unloading 5 unused Assets to reduce memory usage. Loaded Objects now: 1609.
Total: 3.254411 ms (FindLiveObjects: 0.473229 ms CreateObjectMapping: 0.170125 ms MarkObjects: 2.525363 ms  DeleteObjects: 0.082638 ms)

========================================================================
Received Import Request.
  Time since last request: 110.399220 seconds.
  path: Assets/Prefabs/Player.prefab
  artifactKey: Guid(d41db7aa04bf746348a178918b5f3f37) Importer(815301076,1909f56bfc062723c751e8b465ee728b)
Start importing Assets/Prefabs/Player.prefab using Guid(d41db7aa04bf746348a178918b5f3f37) Importer(815301076,1909f56bfc062723c751e8b465ee728b)  -> (artifact id: 'fb04d1b5ebc45e6babad7e8fe9938e93') in 0.243253 seconds
  Import took 0.248833 seconds .

========================================================================
Received Prepare
Registering precompiled user dll's ...
Registered in 0.000839 seconds.
Begin MonoManager ReloadAssembly
Native extension for WindowsStandalone target not found
Native extension for OSXStandalone target not found
Refreshing native plugins compatible for Editor in 0.43 ms, found 1 plugins.
Preloading 0 native plugins for Editor in 0.00 ms.
Mono: successfully reloaded assembly
- Completed reload, in  2.850 seconds
Platform modules already initialized, skipping
Refreshing native plugins compatible for Editor in 0.28 ms, found 1 plugins.
Preloading 0 native plugins for Editor in 0.00 ms.
Unloading 1140 Unused Serialized files (Serialized files now loaded: 0)
System memory in use before: 194.9 MB.
System memory in use after: 194.9 MB.

Unloading 6 unused Assets to reduce memory usage. Loaded Objects now: 1623.
Total: 3.680683 ms (FindLiveObjects: 0.362662 ms CreateObjectMapping: 0.101849 ms MarkObjects: 3.121410 ms  DeleteObjects: 0.092553 ms)

========================================================================
Received Import Request.
  Time since last request: 310.383197 seconds.
  path: Assets/Prefabs/Player.prefab
  artifactKey: Guid(d41db7aa04bf746348a178918b5f3f37) Importer(815301076,1909f56bfc062723c751e8b465ee728b)
Start importing Assets/Prefabs/Player.prefab using Guid(d41db7aa04bf746348a178918b5f3f37) Importer(815301076,1909f56bfc062723c751e8b465ee728b)  -> (artifact id: 'e0a720cce11cea57872c6d9078518e9c') in 0.283282 seconds
  Import took 0.292718 seconds .

========================================================================
Received Import Request.
  Time since last request: 8.890367 seconds.
  path: Assets/Prefabs/Player.prefab
  artifactKey: Guid(d41db7aa04bf746348a178918b5f3f37) Importer(815301076,1909f56bfc062723c751e8b465ee728b)
Start importing Assets/Prefabs/Player.prefab using Guid(d41db7aa04bf746348a178918b5f3f37) Importer(815301076,1909f56bfc062723c751e8b465ee728b)  -> (artifact id: '58d21101fb379a490fc0525baed3596b') in 0.037081 seconds
  Import took 0.044170 seconds .

========================================================================
Received Import Request.
  Time since last request: 3.963856 seconds.
  path: Assets/Scenes/SampleScene.unity
  artifactKey: Guid(9fc0d4010bbf28b4594072e72b8655ab) Importer(815301076,1909f56bfc062723c751e8b465ee728b)
Start importing Assets/Scenes/SampleScene.unity using Guid(9fc0d4010bbf28b4594072e72b8655ab) Importer(815301076,1909f56bfc062723c751e8b465ee728b)  -> (artifact id: 'e5727782a7b5d68744f4f489150ed75e') in 0.006106 seconds
  Import took 0.013649 seconds .

AssetImportWorkerClient::OnTransportError - code=2 error=End of file
